<!DOCTYPE html>
<html>
  <head>
    <meta charset="utf-8"/>
    <title>Test Report</title>
    <link href="assets/style.css" rel="stylesheet" type="text/css"/></head>
  <body onLoad="init()">
    <script>/* This Source Code Form is subject to the terms of the Mozilla Public
 * License, v. 2.0. If a copy of the MPL was not distributed with this file,
 * You can obtain one at http://mozilla.org/MPL/2.0/. */


function toArray(iter) {
    if (iter === null) {
        return null;
    }
    return Array.prototype.slice.call(iter);
}

function find(selector, elem) {
    if (!elem) {
        elem = document;
    }
    return elem.querySelector(selector);
}

function find_all(selector, elem) {
    if (!elem) {
        elem = document;
    }
    return toArray(elem.querySelectorAll(selector));
}

function sort_column(elem) {
    toggle_sort_states(elem);
    var colIndex = toArray(elem.parentNode.childNodes).indexOf(elem);
    var key;
    if (elem.classList.contains('numeric')) {
        key = key_num;
    } else if (elem.classList.contains('result')) {
        key = key_result;
    } else {
        key = key_alpha;
    }
    sort_table(elem, key(colIndex));
}

function show_all_extras() {
    find_all('.col-result').forEach(show_extras);
}

function hide_all_extras() {
    find_all('.col-result').forEach(hide_extras);
}

function show_extras(colresult_elem) {
    var extras = colresult_elem.parentNode.nextElementSibling;
    var expandcollapse = colresult_elem.firstElementChild;
    extras.classList.remove("collapsed");
    expandcollapse.classList.remove("expander");
    expandcollapse.classList.add("collapser");
}

function hide_extras(colresult_elem) {
    var extras = colresult_elem.parentNode.nextElementSibling;
    var expandcollapse = colresult_elem.firstElementChild;
    extras.classList.add("collapsed");
    expandcollapse.classList.remove("collapser");
    expandcollapse.classList.add("expander");
}

function show_filters() {
    var filter_items = document.getElementsByClassName('filter');
    for (var i = 0; i < filter_items.length; i++)
        filter_items[i].hidden = false;
}

function add_collapse() {
    // Add links for show/hide all
    var resulttable = find('table#results-table');
    var showhideall = document.createElement("p");
    showhideall.innerHTML = '<a href="javascript:show_all_extras()">Show all details</a> / ' +
                            '<a href="javascript:hide_all_extras()">Hide all details</a>';
    resulttable.parentElement.insertBefore(showhideall, resulttable);

    // Add show/hide link to each result
    find_all('.col-result').forEach(function(elem) {
        var collapsed = get_query_parameter('collapsed') || 'Passed';
        var extras = elem.parentNode.nextElementSibling;
        var expandcollapse = document.createElement("span");
        if (extras.classList.contains("collapsed")) {
            expandcollapse.classList.add("expander")
        } else if (collapsed.includes(elem.innerHTML)) {
            extras.classList.add("collapsed");
            expandcollapse.classList.add("expander");
        } else {
            expandcollapse.classList.add("collapser");
        }
        elem.appendChild(expandcollapse);

        elem.addEventListener("click", function(event) {
            if (event.currentTarget.parentNode.nextElementSibling.classList.contains("collapsed")) {
                show_extras(event.currentTarget);
            } else {
                hide_extras(event.currentTarget);
            }
        });
    })
}

function get_query_parameter(name) {
    var match = RegExp('[?&]' + name + '=([^&]*)').exec(window.location.search);
    return match && decodeURIComponent(match[1].replace(/\+/g, ' '));
}

function init () {
    reset_sort_headers();

    add_collapse();

    show_filters();

    sort_column(find('.initial-sort'));

    find_all('.sortable').forEach(function(elem) {
        elem.addEventListener("click",
                              function(event) {
                                  sort_column(elem);
                              }, false)
    });

};

function sort_table(clicked, key_func) {
    var rows = find_all('.results-table-row');
    var reversed = !clicked.classList.contains('asc');
    var sorted_rows = sort(rows, key_func, reversed);
    /* Whole table is removed here because browsers acts much slower
     * when appending existing elements.
     */
    var thead = document.getElementById("results-table-head");
    document.getElementById('results-table').remove();
    var parent = document.createElement("table");
    parent.id = "results-table";
    parent.appendChild(thead);
    sorted_rows.forEach(function(elem) {
        parent.appendChild(elem);
    });
    document.getElementsByTagName("BODY")[0].appendChild(parent);
}

function sort(items, key_func, reversed) {
    var sort_array = items.map(function(item, i) {
        return [key_func(item), i];
    });

    sort_array.sort(function(a, b) {
        var key_a = a[0];
        var key_b = b[0];

        if (key_a == key_b) return 0;

        if (reversed) {
            return (key_a < key_b ? 1 : -1);
        } else {
            return (key_a > key_b ? 1 : -1);
        }
    });

    return sort_array.map(function(item) {
        var index = item[1];
        return items[index];
    });
}

function key_alpha(col_index) {
    return function(elem) {
        return elem.childNodes[1].childNodes[col_index].firstChild.data.toLowerCase();
    };
}

function key_num(col_index) {
    return function(elem) {
        return parseFloat(elem.childNodes[1].childNodes[col_index].firstChild.data);
    };
}

function key_result(col_index) {
    return function(elem) {
        var strings = ['Error', 'Failed', 'Rerun', 'XFailed', 'XPassed',
                       'Skipped', 'Passed'];
        return strings.indexOf(elem.childNodes[1].childNodes[col_index].firstChild.data);
    };
}

function reset_sort_headers() {
    find_all('.sort-icon').forEach(function(elem) {
        elem.parentNode.removeChild(elem);
    });
    find_all('.sortable').forEach(function(elem) {
        var icon = document.createElement("div");
        icon.className = "sort-icon";
        icon.textContent = "vvv";
        elem.insertBefore(icon, elem.firstChild);
        elem.classList.remove("desc", "active");
        elem.classList.add("asc", "inactive");
    });
}

function toggle_sort_states(elem) {
    //if active, toggle between asc and desc
    if (elem.classList.contains('active')) {
        elem.classList.toggle('asc');
        elem.classList.toggle('desc');
    }

    //if inactive, reset all other functions and add ascending active
    if (elem.classList.contains('inactive')) {
        reset_sort_headers();
        elem.classList.remove('inactive');
        elem.classList.add('active');
    }
}

function is_all_rows_hidden(value) {
  return value.hidden == false;
}

function filter_table(elem) {
    var outcome_att = "data-test-result";
    var outcome = elem.getAttribute(outcome_att);
    class_outcome = outcome + " results-table-row";
    var outcome_rows = document.getElementsByClassName(class_outcome);

    for(var i = 0; i < outcome_rows.length; i++){
        outcome_rows[i].hidden = !elem.checked;
    }

    var rows = find_all('.results-table-row').filter(is_all_rows_hidden);
    var all_rows_hidden = rows.length == 0 ? true : false;
    var not_found_message = document.getElementById("not-found-message");
    not_found_message.hidden = !all_rows_hidden;
}
</script>
    <h1>POM_HomePage_HubSpot.html</h1>
    <p>Report generated on 02-Sep-2020 at 17:38:18 by <a href="https://pypi.python.org/pypi/pytest-html">pytest-html</a> v2.1.1</p>
    <h2>Environment</h2>
    <table id="environment">
      <tr>
        <td>JAVA_HOME</td>
        <td>/Library/Java/JavaVirtualMachines/jdk1.8.0_101.jdk/Contents/Home</td></tr>
      <tr>
        <td>Packages</td>
        <td>{"pluggy": "0.13.1", "py": "1.9.0", "pytest": "6.0.1"}</td></tr>
      <tr>
        <td>Platform</td>
        <td>macOS-10.15.5-x86_64-i386-64bit</td></tr>
      <tr>
        <td>Plugins</td>
        <td>{"allure-pytest": "2.8.18", "forked": "1.3.0", "html": "2.1.1", "metadata": "1.10.0", "ordering": "0.6", "xdist": "2.0.0"}</td></tr>
      <tr>
        <td>Python</td>
        <td>3.8.3</td></tr></table>
    <h2>Summary</h2>
    <p>4 tests ran in 30.16 seconds. </p>
    <p class="filter" hidden="true">(Un)check the boxes to filter the results.</p><input checked="true" class="filter" data-test-result="passed" disabled="true" hidden="true" name="filter_checkbox" onChange="filter_table(this)" type="checkbox"/><span class="passed">0 passed</span>, <input checked="true" class="filter" data-test-result="skipped" disabled="true" hidden="true" name="filter_checkbox" onChange="filter_table(this)" type="checkbox"/><span class="skipped">0 skipped</span>, <input checked="true" class="filter" data-test-result="failed" hidden="true" name="filter_checkbox" onChange="filter_table(this)" type="checkbox"/><span class="failed">4 failed</span>, <input checked="true" class="filter" data-test-result="error" disabled="true" hidden="true" name="filter_checkbox" onChange="filter_table(this)" type="checkbox"/><span class="error">0 errors</span>, <input checked="true" class="filter" data-test-result="xfailed" disabled="true" hidden="true" name="filter_checkbox" onChange="filter_table(this)" type="checkbox"/><span class="xfailed">0 expected failures</span>, <input checked="true" class="filter" data-test-result="xpassed" disabled="true" hidden="true" name="filter_checkbox" onChange="filter_table(this)" type="checkbox"/><span class="xpassed">0 unexpected passes</span>
    <h2>Results</h2>
    <table id="results-table">
      <thead id="results-table-head">
        <tr>
          <th class="sortable result initial-sort" col="result">Result</th>
          <th class="sortable" col="name">Test</th>
          <th class="sortable numeric" col="duration">Duration</th>
          <th>Links</th></tr>
        <tr hidden="true" id="not-found-message">
          <th colspan="4">No results found. Try to check the filters</th></tr></thead>
      <tbody class="failed results-table-row">
        <tr>
          <td class="col-result">Failed</td>
          <td class="col-name">com/qa/pompytest/tests/test_HomePage.py::Test_Home::test_home_page_settings_icon[chrome]</td>
          <td class="col-duration">21.43</td>
          <td class="col-links"></td></tr>
        <tr>
          <td class="extra" colspan="4">
            <div class="log">[gw3] darwin -- Python 3.8.3 /Library/Frameworks/Python.framework/Versions/3.8/bin/python3.8<br/><br/>self = &lt;com.qa.pompytest.tests.test_HomePage.Test_Home object at 0x7f964de16e20&gt;<br/><br/>    def test_home_page_settings_icon(self):<br/>        self.loginPage = LoginPage(self.driver)<br/>        self.homePage = self.loginPage.do_login(TestData.USER_NAME, TestData.PASSWORD)<br/>&gt;       assert self.homePage.get_header_value()<br/><br/>com/qa/pompytest/tests/test_HomePage.py:31: <br/>_ _ _ _ _ _ _ _ _ _ _ _ _ _ _ _ _ _ _ _ _ _ _ _ _ _ _ _ _ _ _ _ _ _ _ _ _ _ _ _ <br/>com/qa/pompytest/pages/HomePage.py:23: in get_header_value<br/>    if self.is_visible(self.HEADER):<br/>com/qa/pompytest/pages/BasePage.py:24: in is_visible<br/>    element = WebDriverWait(self.driver, 10).until(EC.visibility_of_element_located(by_locator))<br/>_ _ _ _ _ _ _ _ _ _ _ _ _ _ _ _ _ _ _ _ _ _ _ _ _ _ _ _ _ _ _ _ _ _ _ _ _ _ _ _ <br/><br/>self = &lt;selenium.webdriver.support.wait.WebDriverWait (session=&quot;f38e86f31ab040d3f3c35ebb5f63bc1c&quot;)&gt;<br/>method = &lt;selenium.webdriver.support.expected_conditions.visibility_of_element_located object at 0x7f964de94fa0&gt;, message = &#x27;&#x27;<br/><br/>    def until(self, method, message=&#x27;&#x27;):<br/>        &quot;&quot;&quot;Calls the method provided with the driver as an argument until the \<br/>        return value is not False.&quot;&quot;&quot;<br/>        screen = None<br/>        stacktrace = None<br/>    <br/>        end_time = time.time() + self._timeout<br/>        while True:<br/>            try:<br/>                value = method(self._driver)<br/>                if value:<br/>                    return value<br/>            except self._ignored_exceptions as exc:<br/>                screen = getattr(exc, &#x27;screen&#x27;, None)<br/>                stacktrace = getattr(exc, &#x27;stacktrace&#x27;, None)<br/>            time.sleep(self._poll)<br/>            if time.time() &gt; end_time:<br/>                break<br/>&gt;       raise TimeoutException(message, screen, stacktrace)<br/><span class="error">E       selenium.common.exceptions.TimeoutException: Message:</span><br/><br/>/Library/Frameworks/Python.framework/Versions/3.8/lib/python3.8/site-packages/selenium/webdriver/support/wait.py:80: TimeoutException<br/> -----------------------------Captured stdout setup------------------------------ <br/> 
<br/> -----------------------------Captured stderr setup------------------------------ <br/>[WDM] - Current google-chrome version is 85.0.4183
[WDM] - Get LATEST driver version for 85.0.4183
[WDM] - Driver [/Users/Parihar08/.wdm/drivers/chromedriver/mac64/85.0.4183.87/chromedriver] found in cache
<br/> -------------------------------Captured log setup------------------------------- <br/>INFO     WDM:logger.py:24 Current google-chrome version is 85.0.4183
INFO     WDM:logger.py:14 Get LATEST driver version for 85.0.4183
INFO     WDM:logger.py:14 Driver [/Users/Parihar08/.wdm/drivers/chromedriver/mac64/85.0.4183.87/chromedriver] found in cache<br/></div></td></tr></tbody>
      <tbody class="failed results-table-row">
        <tr>
          <td class="col-result">Failed</td>
          <td class="col-name">com/qa/pompytest/tests/test_HomePage.py::Test_Home::test_home_page_account_name[chrome]</td>
          <td class="col-duration">22.68</td>
          <td class="col-links"></td></tr>
        <tr>
          <td class="extra" colspan="4">
            <div class="log">[gw2] darwin -- Python 3.8.3 /Library/Frameworks/Python.framework/Versions/3.8/bin/python3.8<br/><br/>self = &lt;com.qa.pompytest.tests.test_HomePage.Test_Home object at 0x7fcb34e11d90&gt;<br/><br/>    def test_home_page_account_name(self):<br/>        self.loginPage = LoginPage(self.driver)<br/>        self.homePage = self.loginPage.do_login(TestData.USER_NAME, TestData.PASSWORD)<br/>&gt;       account_name = self.homePage.get_header_value()<br/><br/>com/qa/pompytest/tests/test_HomePage.py:25: <br/>_ _ _ _ _ _ _ _ _ _ _ _ _ _ _ _ _ _ _ _ _ _ _ _ _ _ _ _ _ _ _ _ _ _ _ _ _ _ _ _ <br/>com/qa/pompytest/pages/HomePage.py:23: in get_header_value<br/>    if self.is_visible(self.HEADER):<br/>com/qa/pompytest/pages/BasePage.py:24: in is_visible<br/>    element = WebDriverWait(self.driver, 10).until(EC.visibility_of_element_located(by_locator))<br/>_ _ _ _ _ _ _ _ _ _ _ _ _ _ _ _ _ _ _ _ _ _ _ _ _ _ _ _ _ _ _ _ _ _ _ _ _ _ _ _ <br/><br/>self = &lt;selenium.webdriver.support.wait.WebDriverWait (session=&quot;fbb8584254d3d5a370571596e065458a&quot;)&gt;<br/>method = &lt;selenium.webdriver.support.expected_conditions.visibility_of_element_located object at 0x7fcb34e8efd0&gt;, message = &#x27;&#x27;<br/><br/>    def until(self, method, message=&#x27;&#x27;):<br/>        &quot;&quot;&quot;Calls the method provided with the driver as an argument until the \<br/>        return value is not False.&quot;&quot;&quot;<br/>        screen = None<br/>        stacktrace = None<br/>    <br/>        end_time = time.time() + self._timeout<br/>        while True:<br/>            try:<br/>                value = method(self._driver)<br/>                if value:<br/>                    return value<br/>            except self._ignored_exceptions as exc:<br/>                screen = getattr(exc, &#x27;screen&#x27;, None)<br/>                stacktrace = getattr(exc, &#x27;stacktrace&#x27;, None)<br/>            time.sleep(self._poll)<br/>            if time.time() &gt; end_time:<br/>                break<br/>&gt;       raise TimeoutException(message, screen, stacktrace)<br/><span class="error">E       selenium.common.exceptions.TimeoutException: Message:</span><br/><br/>/Library/Frameworks/Python.framework/Versions/3.8/lib/python3.8/site-packages/selenium/webdriver/support/wait.py:80: TimeoutException<br/> -----------------------------Captured stdout setup------------------------------ <br/> 
<br/> -----------------------------Captured stderr setup------------------------------ <br/>[WDM] - Current google-chrome version is 85.0.4183
[WDM] - Get LATEST driver version for 85.0.4183
[WDM] - Driver [/Users/Parihar08/.wdm/drivers/chromedriver/mac64/85.0.4183.87/chromedriver] found in cache
<br/> -------------------------------Captured log setup------------------------------- <br/>INFO     WDM:logger.py:24 Current google-chrome version is 85.0.4183
INFO     WDM:logger.py:14 Get LATEST driver version for 85.0.4183
INFO     WDM:logger.py:14 Driver [/Users/Parihar08/.wdm/drivers/chromedriver/mac64/85.0.4183.87/chromedriver] found in cache<br/></div></td></tr></tbody>
      <tbody class="failed results-table-row">
        <tr>
          <td class="col-result">Failed</td>
          <td class="col-name">com/qa/pompytest/tests/test_HomePage.py::Test_Home::test_login_page_title[chrome]</td>
          <td class="col-duration">22.79</td>
          <td class="col-links"></td></tr>
        <tr>
          <td class="extra" colspan="4">
            <div class="log">[gw0] darwin -- Python 3.8.3 /Library/Frameworks/Python.framework/Versions/3.8/bin/python3.8<br/><br/>self = &lt;com.qa.pompytest.tests.test_HomePage.Test_Home object at 0x7fa427616df0&gt;<br/><br/>    def test_login_page_title(self):<br/>        self.loginPage = LoginPage(self.driver)<br/>        self.homePage = self.loginPage.do_login(TestData.USER_NAME, TestData.PASSWORD)<br/>&gt;       title = self.homePage.get_title(TestData.HOME_PAGE_TITLE)<br/><br/>com/qa/pompytest/tests/test_HomePage.py:13: <br/>_ _ _ _ _ _ _ _ _ _ _ _ _ _ _ _ _ _ _ _ _ _ _ _ _ _ _ _ _ _ _ _ _ _ _ _ _ _ _ _ <br/>com/qa/pompytest/pages/BasePage.py:28: in get_title<br/>    WebDriverWait(self.driver,10).until(EC.title_is(title))<br/>_ _ _ _ _ _ _ _ _ _ _ _ _ _ _ _ _ _ _ _ _ _ _ _ _ _ _ _ _ _ _ _ _ _ _ _ _ _ _ _ <br/><br/>self = &lt;selenium.webdriver.support.wait.WebDriverWait (session=&quot;75e308f497fcdc6ac303e605e39f95fc&quot;)&gt;<br/>method = &lt;selenium.webdriver.support.expected_conditions.title_is object at 0x7fa427694d60&gt;, message = &#x27;&#x27;<br/><br/>    def until(self, method, message=&#x27;&#x27;):<br/>        &quot;&quot;&quot;Calls the method provided with the driver as an argument until the \<br/>        return value is not False.&quot;&quot;&quot;<br/>        screen = None<br/>        stacktrace = None<br/>    <br/>        end_time = time.time() + self._timeout<br/>        while True:<br/>            try:<br/>                value = method(self._driver)<br/>                if value:<br/>                    return value<br/>            except self._ignored_exceptions as exc:<br/>                screen = getattr(exc, &#x27;screen&#x27;, None)<br/>                stacktrace = getattr(exc, &#x27;stacktrace&#x27;, None)<br/>            time.sleep(self._poll)<br/>            if time.time() &gt; end_time:<br/>                break<br/>&gt;       raise TimeoutException(message, screen, stacktrace)<br/><span class="error">E       selenium.common.exceptions.TimeoutException: Message:</span><br/><br/>/Library/Frameworks/Python.framework/Versions/3.8/lib/python3.8/site-packages/selenium/webdriver/support/wait.py:80: TimeoutException<br/> -----------------------------Captured stdout setup------------------------------ <br/> 
<br/> -----------------------------Captured stderr setup------------------------------ <br/>[WDM] - Current google-chrome version is 85.0.4183
[WDM] - Get LATEST driver version for 85.0.4183
[WDM] - Driver [/Users/Parihar08/.wdm/drivers/chromedriver/mac64/85.0.4183.87/chromedriver] found in cache
<br/> -------------------------------Captured log setup------------------------------- <br/>INFO     WDM:logger.py:24 Current google-chrome version is 85.0.4183
INFO     WDM:logger.py:14 Get LATEST driver version for 85.0.4183
INFO     WDM:logger.py:14 Driver [/Users/Parihar08/.wdm/drivers/chromedriver/mac64/85.0.4183.87/chromedriver] found in cache<br/></div></td></tr></tbody>
      <tbody class="failed results-table-row">
        <tr>
          <td class="col-result">Failed</td>
          <td class="col-name">com/qa/pompytest/tests/test_HomePage.py::Test_Home::test_home_page_header[chrome]</td>
          <td class="col-duration">23.84</td>
          <td class="col-links"></td></tr>
        <tr>
          <td class="extra" colspan="4">
            <div class="log">[gw1] darwin -- Python 3.8.3 /Library/Frameworks/Python.framework/Versions/3.8/bin/python3.8<br/><br/>self = &lt;com.qa.pompytest.tests.test_HomePage.Test_Home object at 0x7fcb23616e50&gt;<br/><br/>    def test_home_page_header(self):<br/>        self.loginPage = LoginPage(self.driver)<br/>        self.homePage = self.loginPage.do_login(TestData.USER_NAME, TestData.PASSWORD)<br/>&gt;       header = self.homePage.get_header_value()<br/><br/>com/qa/pompytest/tests/test_HomePage.py:19: <br/>_ _ _ _ _ _ _ _ _ _ _ _ _ _ _ _ _ _ _ _ _ _ _ _ _ _ _ _ _ _ _ _ _ _ _ _ _ _ _ _ <br/>com/qa/pompytest/pages/HomePage.py:23: in get_header_value<br/>    if self.is_visible(self.HEADER):<br/>com/qa/pompytest/pages/BasePage.py:24: in is_visible<br/>    element = WebDriverWait(self.driver, 10).until(EC.visibility_of_element_located(by_locator))<br/>_ _ _ _ _ _ _ _ _ _ _ _ _ _ _ _ _ _ _ _ _ _ _ _ _ _ _ _ _ _ _ _ _ _ _ _ _ _ _ _ <br/><br/>self = &lt;selenium.webdriver.support.wait.WebDriverWait (session=&quot;d44d1db52ffc577fb64abe3c16c486f4&quot;)&gt;<br/>method = &lt;selenium.webdriver.support.expected_conditions.visibility_of_element_located object at 0x7fcb23694d30&gt;, message = &#x27;&#x27;<br/><br/>    def until(self, method, message=&#x27;&#x27;):<br/>        &quot;&quot;&quot;Calls the method provided with the driver as an argument until the \<br/>        return value is not False.&quot;&quot;&quot;<br/>        screen = None<br/>        stacktrace = None<br/>    <br/>        end_time = time.time() + self._timeout<br/>        while True:<br/>            try:<br/>                value = method(self._driver)<br/>                if value:<br/>                    return value<br/>            except self._ignored_exceptions as exc:<br/>                screen = getattr(exc, &#x27;screen&#x27;, None)<br/>                stacktrace = getattr(exc, &#x27;stacktrace&#x27;, None)<br/>            time.sleep(self._poll)<br/>            if time.time() &gt; end_time:<br/>                break<br/>&gt;       raise TimeoutException(message, screen, stacktrace)<br/><span class="error">E       selenium.common.exceptions.TimeoutException: Message:</span><br/><br/>/Library/Frameworks/Python.framework/Versions/3.8/lib/python3.8/site-packages/selenium/webdriver/support/wait.py:80: TimeoutException<br/> -----------------------------Captured stdout setup------------------------------ <br/> 
<br/> -----------------------------Captured stderr setup------------------------------ <br/>[WDM] - Current google-chrome version is 85.0.4183
[WDM] - Get LATEST driver version for 85.0.4183
[WDM] - Driver [/Users/Parihar08/.wdm/drivers/chromedriver/mac64/85.0.4183.87/chromedriver] found in cache
<br/> -------------------------------Captured log setup------------------------------- <br/>INFO     WDM:logger.py:24 Current google-chrome version is 85.0.4183
INFO     WDM:logger.py:14 Get LATEST driver version for 85.0.4183
INFO     WDM:logger.py:14 Driver [/Users/Parihar08/.wdm/drivers/chromedriver/mac64/85.0.4183.87/chromedriver] found in cache<br/></div></td></tr></tbody></table></body></html>